2025-04-14 16:43:19 [INFO] [System] Programm startet
2025-04-14 16:43:24 [INFO] Willkommen im McCafe! Wￃﾤhlen Sie Ihr Getrￃﾤnk aus dem Menￃﾼ:
2025-04-14 16:43:27 [INFO] Espresso (groￃﾟ) - 2.19￢ﾂﾬ hinzugefￃﾼgt.
2025-04-14 16:43:33 [INFO] Cafe (mittel) - 2.19￢ﾂﾬ hinzugefￃﾼgt.
2025-04-14 16:43:35 [INFO] Cafe (groￃﾟ) - 2.49￢ﾂﾬ hinzugefￃﾼgt.
2025-04-14 16:43:35 [INFO] Flat White Espresso (klein) - 1.89￢ﾂﾬ hinzugefￃﾼgt.
2025-04-14 16:43:36 [INFO] Espresso (groￃﾟ) - 2.19￢ﾂﾬ hinzugefￃﾼgt.
2025-04-14 16:43:39 [INFO] 10.95 ￢ﾂﾬ Ohne Rabatt
2025-04-14 16:43:39 [INFO] Bestellung: [Cafe (mittel) - 2.19￢ﾂﾬ, Flat White Espresso (klein) - 1.89￢ﾂﾬ][Espresso (groￃﾟ) - 2.19￢ﾂﾬ, Cafe (groￃﾟ) - 2.49￢ﾂﾬ, Espresso (groￃﾟ) - 2.19￢ﾂﾬ]
2025-04-14 16:43:39 [INFO] Gesamtbetrag nach Rabatt: 10.95 ￢ﾂﾬ
2025-04-14 16:43:39 [INFO] [System] Programm endet
2025-04-14 16:44:27 [INFO] [System] Programm startet
2025-04-14 16:44:31 [INFO] Willkommen im McCafe! Wￃﾤhlen Sie Ihr Getrￃﾤnk aus dem Menￃﾼ:
2025-04-14 16:44:33 [INFO] Espresso (groￃﾟ) - 2.19￢ﾂﾬ hinzugefￃﾼgt.
2025-04-14 16:44:33 [INFO] Espresso (groￃﾟ) - 2.19￢ﾂﾬ hinzugefￃﾼgt.
2025-04-14 16:44:34 [INFO] Espresso (groￃﾟ) - 2.19￢ﾂﾬ hinzugefￃﾼgt.
2025-04-14 16:44:34 [INFO] Espresso (groￃﾟ) - 2.19￢ﾂﾬ hinzugefￃﾼgt.
2025-04-14 16:44:35 [INFO] Espresso (groￃﾟ) - 2.19￢ﾂﾬ hinzugefￃﾼgt.
2025-04-14 16:44:35 [INFO] Espresso (groￃﾟ) - 2.19￢ﾂﾬ hinzugefￃﾼgt.
2025-04-14 16:44:35 [INFO] Espresso (groￃﾟ) - 2.19￢ﾂﾬ hinzugefￃﾼgt.
2025-04-14 16:44:37 [INFO] 15.329999999999998 ￢ﾂﾬ Ohne Rabatt
2025-04-14 16:44:37 [INFO] Bestellung: [][Espresso (groￃﾟ) - 2.19￢ﾂﾬ, Espresso (groￃﾟ) - 2.19￢ﾂﾬ, Espresso (groￃﾟ) - 2.19￢ﾂﾬ, Espresso (groￃﾟ) - 2.19￢ﾂﾬ, Espresso (groￃﾟ) - 2.19￢ﾂﾬ, Espresso (groￃﾟ) - 2.19￢ﾂﾬ, Espresso (groￃﾟ) - 2.19￢ﾂﾬ]
2025-04-14 16:44:37 [INFO] Gratis erhalten: Espresso groￃﾟ
2025-04-14 16:44:37 [INFO] ----------------
2025-04-14 16:44:37 [INFO] Gratis erhalten: Espresso groￃﾟ
2025-04-14 16:44:37 [INFO] ----------------
2025-04-14 16:44:37 [INFO] Gesamtbetrag nach Rabatt: 10.95 ￢ﾂﾬ
2025-04-14 16:44:37 [INFO] [System] Programm endet
2025-04-14 16:45:04 [INFO] [System] Programm startet
2025-04-14 16:45:08 [INFO] Willkommen im McCafe! Wￃﾤhlen Sie Ihr Getrￃﾤnk aus dem Menￃﾼ:
2025-04-14 16:45:09 [INFO] Espresso (klein) - 1.69￢ﾂﾬ hinzugefￃﾼgt.
2025-04-14 16:45:10 [INFO] Espresso (klein) - 1.69￢ﾂﾬ hinzugefￃﾼgt.
2025-04-14 16:45:10 [INFO] Espresso (klein) - 1.69￢ﾂﾬ hinzugefￃﾼgt.
2025-04-14 16:45:10 [INFO] Espresso (klein) - 1.69￢ﾂﾬ hinzugefￃﾼgt.
2025-04-14 16:45:11 [INFO] Espresso (klein) - 1.69￢ﾂﾬ hinzugefￃﾼgt.
2025-04-14 16:45:11 [INFO] Espresso (klein) - 1.69￢ﾂﾬ hinzugefￃﾼgt.
2025-04-14 16:45:12 [INFO] Espresso (klein) - 1.69￢ﾂﾬ hinzugefￃﾼgt.
2025-04-14 16:45:14 [INFO] 11.829999999999998 ￢ﾂﾬ Ohne Rabatt
2025-04-14 16:45:14 [INFO] Bestellung: [Espresso (klein) - 1.69￢ﾂﾬ, Espresso (klein) - 1.69￢ﾂﾬ, Espresso (klein) - 1.69￢ﾂﾬ, Espresso (klein) - 1.69￢ﾂﾬ, Espresso (klein) - 1.69￢ﾂﾬ, Espresso (klein) - 1.69￢ﾂﾬ, Espresso (klein) - 1.69￢ﾂﾬ][]
2025-04-14 16:45:14 [INFO] Gesamtbetrag nach Rabatt: 11.83 ￢ﾂﾬ
2025-04-14 16:45:14 [INFO] [System] Programm endet
2025-04-14 16:48:59 [INFO] [System] Programm startet
2025-04-14 16:49:01 [INFO] Willkommen im McCafe! Wￃﾤhlen Sie Ihr Getrￃﾤnk aus dem Menￃﾼ:
2025-04-14 16:49:03 [INFO] Espresso (groￃﾟ) - 2.19￢ﾂﾬ hinzugefￃﾼgt.
2025-04-14 16:49:04 [INFO] Espresso (groￃﾟ) - 2.19￢ﾂﾬ hinzugefￃﾼgt.
2025-04-14 16:49:04 [INFO] Espresso (groￃﾟ) - 2.19￢ﾂﾬ hinzugefￃﾼgt.
2025-04-14 16:49:04 [INFO] Cafe (mittel) - 2.19￢ﾂﾬ hinzugefￃﾼgt.
2025-04-14 16:49:05 [INFO] Espresso (groￃﾟ) - 2.19￢ﾂﾬ hinzugefￃﾼgt.
2025-04-14 16:49:05 [INFO] Cafe (mittel) - 2.19￢ﾂﾬ hinzugefￃﾼgt.
2025-04-14 16:49:06 [INFO] Cafe (groￃﾟ) - 2.49￢ﾂﾬ hinzugefￃﾼgt.
2025-04-14 16:49:07 [INFO] 15.629999999999999 ￢ﾂﾬ Ohne Rabatt
2025-04-14 16:49:07 [INFO] Bestellung: [Cafe (mittel) - 2.19￢ﾂﾬ, Cafe (mittel) - 2.19￢ﾂﾬ][Espresso (groￃﾟ) - 2.19￢ﾂﾬ, Espresso (groￃﾟ) - 2.19￢ﾂﾬ, Espresso (groￃﾟ) - 2.19￢ﾂﾬ, Espresso (groￃﾟ) - 2.19￢ﾂﾬ, Cafe (groￃﾟ) - 2.49￢ﾂﾬ]
2025-04-14 16:49:07 [INFO] Gratis erhalten: Espresso groￃﾟ
2025-04-14 16:49:07 [INFO] ----------------
2025-04-14 16:49:07 [INFO] Zu zahlen 13.44 ￢ﾂﾬ
2025-04-14 16:49:07 [INFO] [System] Programm endet
2025-04-14 16:50:01 [INFO] [System] Programm startet
2025-04-14 16:50:04 [INFO] Willkommen im McCafe! Wￃﾤhlen Sie Ihr Getrￃﾤnk aus dem Menￃﾼ:
2025-04-14 16:50:05 [INFO] Espresso (groￃﾟ) - 2.19￢ﾂﾬ hinzugefￃﾼgt.
2025-04-14 16:50:07 [INFO] 2.19 ￢ﾂﾬ Ohne Rabatt
2025-04-14 16:50:07 [INFO] Bestellung: [][Espresso (groￃﾟ) - 2.19￢ﾂﾬ]
2025-04-14 16:50:07 [INFO] Zu zahlen 2.19 ￢ﾂﾬ
2025-04-14 16:50:07 [INFO] ----------------
2025-04-14 16:50:07 [INFO] [System] Programm endet
2025-04-14 16:51:17 [INFO] [System] Programm startet
2025-04-14 16:51:19 [INFO] Willkommen im McCafe! Wￃﾤhlen Sie Ihr Getrￃﾤnk aus dem Menￃﾼ:
2025-04-14 16:51:19 [INFO] Espresso (groￃﾟ) - 2.19￢ﾂﾬ hinzugefￃﾼgt.
2025-04-14 16:51:21 [INFO] 2.19 ￢ﾂﾬ Ohne Rabatt
2025-04-14 16:51:21 [INFO] Bestellung: [][Espresso (groￃﾟ) - 2.19￢ﾂﾬ]
2025-04-14 16:51:21 [INFO] ----------------
2025-04-14 16:51:21 [INFO] Zu zahlen 2.19 ￢ﾂﾬ
2025-04-14 16:51:21 [INFO] ----------------
2025-04-14 16:51:21 [INFO] [System] Programm endet
2025-04-14 16:57:01 [INFO] [System] Programm startet
2025-04-14 16:57:03 [INFO] Willkommen im McCafe! Wￃﾤhlen Sie Ihr Getrￃﾤnk aus dem Menￃﾼ:
2025-04-14 16:57:04 [INFO] Espresso (groￃﾟ) - 2.19￢ﾂﾬ hinzugefￃﾼgt.
2025-04-14 16:57:05 [INFO] Cafe (groￃﾟ) - 2.49￢ﾂﾬ hinzugefￃﾼgt.
2025-04-14 16:57:05 [INFO] Cafe (mittel) - 2.19￢ﾂﾬ hinzugefￃﾼgt.
2025-04-14 16:57:06 [INFO] Espresso Macchiato (klein) - 1.79￢ﾂﾬ hinzugefￃﾼgt.
2025-04-14 16:57:06 [INFO] Espresso (groￃﾟ) - 2.19￢ﾂﾬ hinzugefￃﾼgt.
2025-04-14 16:57:08 [INFO] Bestellete Artikeln 
2025-04-14 16:57:08 [INFO] ----------------
2025-04-14 16:57:08 [INFO] Zu zahlen 10.85 ￢ﾂﾬ
2025-04-14 16:57:08 [INFO] ----------------
2025-04-14 16:57:08 [INFO] [System] Programm endet
2025-04-14 16:58:46 [INFO] [System] Programm startet
2025-04-14 16:58:49 [INFO] Willkommen im McCafe! Wￃﾤhlen Sie Ihr Getrￃﾤnk aus dem Menￃﾼ:
2025-04-14 16:58:50 [INFO] Cafe (mittel) - 2.19￢ﾂﾬ hinzugefￃﾼgt.
2025-04-14 16:58:50 [INFO] Espresso Macchiato (klein) - 1.79￢ﾂﾬ hinzugefￃﾼgt.
2025-04-14 16:58:52 [INFO] Cafe (groￃﾟ) - 2.49￢ﾂﾬ hinzugefￃﾼgt.
2025-04-14 16:58:53 [INFO] Espresso Macchiato (klein) - 1.79￢ﾂﾬ hinzugefￃﾼgt.
2025-04-14 16:58:56 [INFO] Bestellete Artikeln 
2025-04-14 16:58:56 [INFO] ----------------
2025-04-14 16:58:56 [INFO] Zu zahlen 8.26 ￢ﾂﾬ
2025-04-14 16:58:56 [INFO] ----------------
2025-04-14 16:58:56 [INFO] [System] Programm endet
2025-04-14 17:03:27 [INFO] [System] Programm startet
2025-04-14 17:03:29 [INFO] Willkommen im McCafe! Wￃﾤhlen Sie Ihr Getrￃﾤnk aus dem Menￃﾼ:
2025-04-14 17:03:30 [INFO] Cafe (groￃﾟ) - 2.49￢ﾂﾬ hinzugefￃﾼgt.
2025-04-14 17:03:30 [INFO] Espresso (groￃﾟ) - 2.19￢ﾂﾬ hinzugefￃﾼgt.
2025-04-14 17:03:31 [INFO] Cafe (mittel) - 2.19￢ﾂﾬ hinzugefￃﾼgt.
2025-04-14 17:03:31 [INFO] Flat White Espresso (groￃﾟ) - 2.59￢ﾂﾬ hinzugefￃﾼgt.
2025-04-14 17:03:32 [INFO] Espresso (groￃﾟ) - 2.19￢ﾂﾬ hinzugefￃﾼgt.
2025-04-14 17:03:32 [INFO] Cafe (groￃﾟ) - 2.49￢ﾂﾬ hinzugefￃﾼgt.
2025-04-14 17:03:32 [INFO] Cafe (mittel) - 2.19￢ﾂﾬ hinzugefￃﾼgt.
2025-04-14 17:03:34 [INFO] Bestellete Artikeln 
2025-04-14 17:03:34 [INFO] Cafe	2.19
2025-04-14 17:03:34 [INFO] Cafe	2.19
2025-04-14 17:03:34 [INFO] Cafe	2.49
2025-04-14 17:03:34 [INFO] Espresso	2.19
2025-04-14 17:03:34 [INFO] Flat White Espresso	2.59
2025-04-14 17:03:34 [INFO] Espresso	2.19
2025-04-14 17:03:34 [INFO] Cafe	2.49
2025-04-14 17:03:34 [INFO] Gratis erhalten: Cafe groￃﾟ
2025-04-14 17:03:34 [INFO] ----------------
2025-04-14 17:03:34 [INFO] Zu zahlen 13.84 ￢ﾂﾬ
2025-04-14 17:03:34 [INFO] ----------------
2025-04-14 17:03:34 [INFO] [System] Programm endet
2025-04-14 17:07:15 [INFO] [System] Programm startet
2025-04-14 17:07:17 [INFO] Willkommen im McCafe! Wￃﾤhlen Sie Ihr Getrￃﾤnk aus dem Menￃﾼ:
2025-04-14 17:07:20 [INFO] Espresso (groￃﾟ) - 2.19￢ﾂﾬ hinzugefￃﾼgt.
2025-04-14 17:07:20 [INFO] Cafe (mittel) - 2.19￢ﾂﾬ hinzugefￃﾼgt.
2025-04-14 17:07:21 [INFO] Cafe (groￃﾟ) - 2.49￢ﾂﾬ hinzugefￃﾼgt.
2025-04-14 17:07:21 [INFO] Flat White Espresso (mittel) - 2.29￢ﾂﾬ hinzugefￃﾼgt.
2025-04-14 17:07:21 [INFO] Flat White Espresso (groￃﾟ) - 2.59￢ﾂﾬ hinzugefￃﾼgt.
2025-04-14 17:07:22 [INFO] Cafe (groￃﾟ) - 2.49￢ﾂﾬ hinzugefￃﾼgt.
2025-04-14 17:07:22 [INFO] Cafe (mittel) - 2.19￢ﾂﾬ hinzugefￃﾼgt.
2025-04-14 17:07:22 [INFO] Espresso (groￃﾟ) - 2.19￢ﾂﾬ hinzugefￃﾼgt.
2025-04-14 17:07:25 [INFO] Bestellete Artikeln 
2025-04-14 17:07:25 [INFO] Cafe groￃﾟ	2.19
2025-04-14 17:07:25 [INFO] Flat White Espresso groￃﾟ	2.29
2025-04-14 17:07:25 [INFO] Cafe groￃﾟ	2.19
2025-04-14 17:07:25 [INFO] Espresso groￃﾟ	2.19
2025-04-14 17:07:25 [INFO] Cafe groￃﾟ	2.49
2025-04-14 17:07:25 [INFO] Flat White Espresso groￃﾟ	2.59
2025-04-14 17:07:25 [INFO] Cafe groￃﾟ	2.49
2025-04-14 17:07:25 [INFO] Espresso groￃﾟ	2.19
2025-04-14 17:07:25 [INFO] Gratis erhalten: Espresso groￃﾟ
2025-04-14 17:07:25 [INFO] ----------------
2025-04-14 17:07:25 [INFO] Zu zahlen 16.43 ￢ﾂﾬ
2025-04-14 17:07:25 [INFO] ----------------
2025-04-14 17:07:25 [INFO] [System] Programm endet
2025-04-14 18:27:09 [INFO] [System] Programm startet
2025-04-14 18:27:12 [INFO] Willkommen im McCafe! Wￃﾤhlen Sie Ihr Getrￃﾤnk aus dem Menￃﾼ:
2025-04-14 18:27:13 [INFO] Espresso (groￃﾟ) - 2.19￢ﾂﾬ hinzugefￃﾼgt.
2025-04-14 18:27:13 [INFO] Espresso Macchiato (klein) - 1.79￢ﾂﾬ hinzugefￃﾼgt.
2025-04-14 18:27:13 [INFO] Cafe (klein) - 1.79￢ﾂﾬ hinzugefￃﾼgt.
2025-04-14 18:27:14 [INFO] Cafe (mittel) - 2.19￢ﾂﾬ hinzugefￃﾼgt.
2025-04-14 18:27:14 [INFO] Cafe (groￃﾟ) - 2.49￢ﾂﾬ hinzugefￃﾼgt.
2025-04-14 18:27:17 [INFO]  
2025-04-14 18:27:17 [INFO]  
2025-04-14 18:27:17 [INFO]  
2025-04-14 18:27:17 [INFO]  
2025-04-14 18:27:17 [INFO]  
2025-04-14 18:27:17 [INFO]  
2025-04-14 18:27:17 [INFO]  
2025-04-14 18:27:17 [INFO]  
2025-04-14 18:27:17 [INFO]  
2025-04-14 18:27:17 [INFO]  
2025-04-14 18:27:17 [INFO]  
2025-04-14 18:27:17 [INFO]  
2025-04-14 18:27:17 [INFO]  
2025-04-14 18:27:17 [INFO]  
2025-04-14 18:27:17 [INFO]  
2025-04-14 18:27:17 [INFO]  
2025-04-14 18:27:17 [INFO]  
2025-04-14 18:27:17 [INFO]  
2025-04-14 18:27:17 [INFO]  
2025-04-14 18:27:17 [INFO]  
2025-04-14 18:27:17 [INFO]  
2025-04-14 18:27:17 [INFO]  
2025-04-14 18:27:17 [INFO]  
2025-04-14 18:27:17 [INFO]  
2025-04-14 18:27:17 [INFO]  
2025-04-14 18:27:17 [INFO]  
2025-04-14 18:27:17 [INFO]  
2025-04-14 18:27:17 [INFO]  
2025-04-14 18:27:17 [INFO]  
2025-04-14 18:27:17 [INFO]  
2025-04-14 18:27:17 [INFO]  
2025-04-14 18:27:17 [INFO]  
2025-04-14 18:27:17 [INFO]  
2025-04-14 18:27:17 [INFO]  
2025-04-14 18:27:17 [INFO]  
2025-04-14 18:27:17 [INFO]  
2025-04-14 18:27:17 [INFO]  
2025-04-14 18:27:17 [INFO]  
2025-04-14 18:27:17 [INFO]  
2025-04-14 18:27:17 [INFO]  
2025-04-14 18:27:17 [INFO]  
2025-04-14 18:27:17 [INFO]  
2025-04-14 18:27:17 [INFO]  
2025-04-14 18:27:17 [INFO]  
2025-04-14 18:27:17 [INFO]  
2025-04-14 18:27:17 [INFO]  
2025-04-14 18:27:17 [INFO]  
2025-04-14 18:27:17 [INFO]  
2025-04-14 18:27:17 [INFO]  
2025-04-14 18:27:17 [INFO]  
2025-04-14 18:27:17 [INFO]  
2025-04-14 18:27:17 [INFO]  
2025-04-14 18:27:17 [INFO]  
2025-04-14 18:27:17 [INFO]  
2025-04-14 18:27:17 [INFO]  
2025-04-14 18:27:17 [INFO]  
2025-04-14 18:27:17 [INFO]  
2025-04-14 18:27:17 [INFO]  
2025-04-14 18:27:17 [INFO]  
2025-04-14 18:27:17 [INFO]  
2025-04-14 18:27:17 [INFO]  
2025-04-14 18:27:17 [INFO]  
2025-04-14 18:27:17 [INFO]  
2025-04-14 18:27:17 [INFO]  
2025-04-14 18:27:17 [INFO]  
2025-04-14 18:27:17 [INFO]  
2025-04-14 18:27:17 [INFO]  
2025-04-14 18:27:17 [INFO]  
2025-04-14 18:27:17 [INFO]  
2025-04-14 18:27:17 [INFO]  
2025-04-14 18:27:17 [INFO]  
2025-04-14 18:27:17 [INFO]  
2025-04-14 18:27:17 [INFO]  
2025-04-14 18:27:17 [INFO]  
2025-04-14 18:27:17 [INFO]  
2025-04-14 18:27:17 [INFO]  
2025-04-14 18:27:17 [INFO]  
2025-04-14 18:27:17 [INFO]  
2025-04-14 18:27:17 [INFO]  
2025-04-14 18:27:17 [INFO]  
2025-04-14 18:27:17 [INFO]  
2025-04-14 18:27:17 [INFO]  
2025-04-14 18:27:17 [INFO]  
2025-04-14 18:27:17 [INFO]  
2025-04-14 18:27:17 [INFO]  
2025-04-14 18:27:17 [INFO]  
2025-04-14 18:27:17 [INFO]  
2025-04-14 18:27:17 [INFO]  
2025-04-14 18:27:17 [INFO]  
2025-04-14 18:27:17 [INFO]  
2025-04-14 18:27:17 [INFO]  
2025-04-14 18:27:17 [INFO]  
2025-04-14 18:27:17 [INFO]  
2025-04-14 18:27:17 [INFO]  
2025-04-14 18:27:17 [INFO]  
2025-04-14 18:27:17 [INFO]  
2025-04-14 18:27:17 [INFO]  
2025-04-14 18:27:17 [INFO]  
2025-04-14 18:27:17 [INFO]  
2025-04-14 18:27:17 [INFO]  
2025-04-14 18:27:17 [INFO] Bestellete Artikeln 
2025-04-14 18:27:17 [INFO] Espresso Macchiato groￃﾟ	1.79
2025-04-14 18:27:17 [INFO] Cafe groￃﾟ	1.79
2025-04-14 18:28:34 [INFO] [System] Programm startet
2025-04-14 18:28:37 [INFO] Willkommen im McCafe! Wￃﾤhlen Sie Ihr Getrￃﾤnk aus dem Menￃﾼ:
2025-04-14 18:28:38 [INFO] Espresso (groￃﾟ) - 2.19￢ﾂﾬ hinzugefￃﾼgt.
2025-04-14 18:28:39 [INFO] Espresso Macchiato (klein) - 1.79￢ﾂﾬ hinzugefￃﾼgt.
2025-04-14 18:28:40 [INFO] Cafe (klein) - 1.79￢ﾂﾬ hinzugefￃﾼgt.
2025-04-14 18:28:41 [INFO] Cafe (mittel) - 2.19￢ﾂﾬ hinzugefￃﾼgt.
2025-04-14 18:28:42 [INFO] Cafe (groￃﾟ) - 2.49￢ﾂﾬ hinzugefￃﾼgt.
2025-04-14 18:28:45 [INFO]  
2025-04-14 18:28:45 [INFO]  
2025-04-14 18:28:45 [INFO]  
2025-04-14 18:28:45 [INFO]  
2025-04-14 18:28:45 [INFO]  
2025-04-14 18:28:45 [INFO]  
2025-04-14 18:28:45 [INFO]  
2025-04-14 18:28:45 [INFO]  
2025-04-14 18:28:45 [INFO]  
2025-04-14 18:28:45 [INFO]  
2025-04-14 18:28:45 [INFO]  
2025-04-14 18:28:45 [INFO]  
2025-04-14 18:28:45 [INFO]  
2025-04-14 18:28:45 [INFO]  
2025-04-14 18:28:45 [INFO]  
2025-04-14 18:28:45 [INFO]  
2025-04-14 18:28:45 [INFO]  
2025-04-14 18:28:45 [INFO]  
2025-04-14 18:28:45 [INFO]  
2025-04-14 18:28:45 [INFO]  
2025-04-14 18:28:45 [INFO]  
2025-04-14 18:28:45 [INFO]  
2025-04-14 18:28:45 [INFO]  
2025-04-14 18:28:45 [INFO]  
2025-04-14 18:28:45 [INFO]  
2025-04-14 18:28:45 [INFO]  
2025-04-14 18:28:45 [INFO]  
2025-04-14 18:28:45 [INFO]  
2025-04-14 18:28:45 [INFO]  
2025-04-14 18:28:45 [INFO]  
2025-04-14 18:28:45 [INFO]  
2025-04-14 18:28:45 [INFO]  
2025-04-14 18:28:45 [INFO]  
2025-04-14 18:28:45 [INFO]  
2025-04-14 18:28:45 [INFO]  
2025-04-14 18:28:45 [INFO]  
2025-04-14 18:28:45 [INFO]  
2025-04-14 18:28:45 [INFO]  
2025-04-14 18:28:45 [INFO]  
2025-04-14 18:28:45 [INFO]  
2025-04-14 18:28:45 [INFO]  
2025-04-14 18:28:45 [INFO]  
2025-04-14 18:28:45 [INFO]  
2025-04-14 18:28:45 [INFO]  
2025-04-14 18:28:45 [INFO]  
2025-04-14 18:28:45 [INFO]  
2025-04-14 18:28:45 [INFO]  
2025-04-14 18:28:45 [INFO]  
2025-04-14 18:28:45 [INFO]  
2025-04-14 18:28:45 [INFO]  
2025-04-14 18:28:45 [INFO]  
2025-04-14 18:28:45 [INFO]  
2025-04-14 18:28:45 [INFO]  
2025-04-14 18:28:45 [INFO]  
2025-04-14 18:28:45 [INFO]  
2025-04-14 18:28:45 [INFO]  
2025-04-14 18:28:45 [INFO]  
2025-04-14 18:28:45 [INFO]  
2025-04-14 18:28:45 [INFO]  
2025-04-14 18:28:45 [INFO]  
2025-04-14 18:28:45 [INFO]  
2025-04-14 18:28:45 [INFO]  
2025-04-14 18:28:45 [INFO]  
2025-04-14 18:28:45 [INFO]  
2025-04-14 18:28:45 [INFO]  
2025-04-14 18:28:45 [INFO]  
2025-04-14 18:28:45 [INFO]  
2025-04-14 18:28:45 [INFO]  
2025-04-14 18:28:45 [INFO]  
2025-04-14 18:28:45 [INFO]  
2025-04-14 18:28:45 [INFO]  
2025-04-14 18:28:45 [INFO]  
2025-04-14 18:28:45 [INFO]  
2025-04-14 18:28:45 [INFO]  
2025-04-14 18:28:45 [INFO]  
2025-04-14 18:28:45 [INFO]  
2025-04-14 18:28:45 [INFO]  
2025-04-14 18:28:45 [INFO]  
2025-04-14 18:28:45 [INFO]  
2025-04-14 18:28:45 [INFO]  
2025-04-14 18:28:45 [INFO]  
2025-04-14 18:28:45 [INFO]  
2025-04-14 18:28:45 [INFO]  
2025-04-14 18:28:45 [INFO]  
2025-04-14 18:28:45 [INFO]  
2025-04-14 18:28:45 [INFO]  
2025-04-14 18:28:45 [INFO]  
2025-04-14 18:28:45 [INFO]  
2025-04-14 18:28:45 [INFO]  
2025-04-14 18:28:45 [INFO]  
2025-04-14 18:28:45 [INFO]  
2025-04-14 18:28:45 [INFO]  
2025-04-14 18:28:45 [INFO]  
2025-04-14 18:28:45 [INFO]  
2025-04-14 18:28:45 [INFO]  
2025-04-14 18:28:45 [INFO]  
2025-04-14 18:28:45 [INFO]  
2025-04-14 18:28:45 [INFO]  
2025-04-14 18:28:45 [INFO]  
2025-04-14 18:28:45 [INFO]  
2025-04-14 18:28:45 [INFO] Bestellete Artikeln 
2025-04-14 18:28:45 [INFO] Espresso Macchiato groￃﾟ	1.79
2025-04-14 18:28:45 [INFO] Cafe groￃﾟ	1.79
2025-04-14 18:29:28 [INFO] [System] Programm startet
2025-04-14 18:29:30 [INFO] Willkommen im McCafe! Wￃﾤhlen Sie Ihr Getrￃﾤnk aus dem Menￃﾼ:
2025-04-14 18:29:31 [INFO] Espresso (groￃﾟ) - 2.19￢ﾂﾬ hinzugefￃﾼgt.
2025-04-14 18:29:32 [INFO] Espresso Macchiato (klein) - 1.79￢ﾂﾬ hinzugefￃﾼgt.
2025-04-14 18:29:32 [INFO] Cafe (klein) - 1.79￢ﾂﾬ hinzugefￃﾼgt.
2025-04-14 18:29:33 [INFO] Cafe (mittel) - 2.19￢ﾂﾬ hinzugefￃﾼgt.
2025-04-14 18:29:34 [INFO] Cafe (groￃﾟ) - 2.49￢ﾂﾬ hinzugefￃﾼgt.
2025-04-14 18:29:36 [INFO]  
2025-04-14 18:29:36 [INFO]  
2025-04-14 18:29:36 [INFO]  
2025-04-14 18:29:36 [INFO]  
2025-04-14 18:29:36 [INFO]  
2025-04-14 18:29:36 [INFO]  
2025-04-14 18:29:36 [INFO]  
2025-04-14 18:29:36 [INFO]  
2025-04-14 18:29:36 [INFO]  
2025-04-14 18:29:36 [INFO]  
2025-04-14 18:29:36 [INFO]  
2025-04-14 18:29:36 [INFO]  
2025-04-14 18:29:36 [INFO]  
2025-04-14 18:29:36 [INFO]  
2025-04-14 18:29:36 [INFO]  
2025-04-14 18:29:36 [INFO]  
2025-04-14 18:29:36 [INFO]  
2025-04-14 18:29:36 [INFO]  
2025-04-14 18:29:36 [INFO]  
2025-04-14 18:29:36 [INFO]  
2025-04-14 18:29:36 [INFO]  
2025-04-14 18:29:36 [INFO]  
2025-04-14 18:29:36 [INFO]  
2025-04-14 18:29:36 [INFO]  
2025-04-14 18:29:36 [INFO]  
2025-04-14 18:29:36 [INFO]  
2025-04-14 18:29:36 [INFO]  
2025-04-14 18:29:36 [INFO]  
2025-04-14 18:29:36 [INFO]  
2025-04-14 18:29:36 [INFO]  
2025-04-14 18:29:36 [INFO]  
2025-04-14 18:29:36 [INFO]  
2025-04-14 18:29:36 [INFO]  
2025-04-14 18:29:36 [INFO]  
2025-04-14 18:29:36 [INFO]  
2025-04-14 18:29:36 [INFO]  
2025-04-14 18:29:36 [INFO]  
2025-04-14 18:29:36 [INFO]  
2025-04-14 18:29:36 [INFO]  
2025-04-14 18:29:36 [INFO]  
2025-04-14 18:29:36 [INFO]  
2025-04-14 18:29:36 [INFO]  
2025-04-14 18:29:36 [INFO]  
2025-04-14 18:29:36 [INFO]  
2025-04-14 18:29:36 [INFO]  
2025-04-14 18:29:36 [INFO]  
2025-04-14 18:29:36 [INFO]  
2025-04-14 18:29:36 [INFO]  
2025-04-14 18:29:36 [INFO]  
2025-04-14 18:29:36 [INFO]  
2025-04-14 18:29:36 [INFO]  
2025-04-14 18:29:36 [INFO]  
2025-04-14 18:29:36 [INFO]  
2025-04-14 18:29:36 [INFO]  
2025-04-14 18:29:36 [INFO]  
2025-04-14 18:29:36 [INFO]  
2025-04-14 18:29:36 [INFO]  
2025-04-14 18:29:36 [INFO]  
2025-04-14 18:29:36 [INFO]  
2025-04-14 18:29:36 [INFO]  
2025-04-14 18:29:36 [INFO]  
2025-04-14 18:29:36 [INFO]  
2025-04-14 18:29:36 [INFO]  
2025-04-14 18:29:36 [INFO]  
2025-04-14 18:29:36 [INFO]  
2025-04-14 18:29:36 [INFO]  
2025-04-14 18:29:36 [INFO]  
2025-04-14 18:29:36 [INFO]  
2025-04-14 18:29:36 [INFO]  
2025-04-14 18:29:36 [INFO]  
2025-04-14 18:29:36 [INFO]  
2025-04-14 18:29:36 [INFO]  
2025-04-14 18:29:36 [INFO]  
2025-04-14 18:29:36 [INFO]  
2025-04-14 18:29:36 [INFO]  
2025-04-14 18:29:36 [INFO]  
2025-04-14 18:29:36 [INFO]  
2025-04-14 18:29:36 [INFO]  
2025-04-14 18:29:36 [INFO]  
2025-04-14 18:29:36 [INFO]  
2025-04-14 18:29:36 [INFO]  
2025-04-14 18:29:36 [INFO]  
2025-04-14 18:29:36 [INFO]  
2025-04-14 18:29:36 [INFO]  
2025-04-14 18:29:36 [INFO]  
2025-04-14 18:29:36 [INFO]  
2025-04-14 18:29:36 [INFO]  
2025-04-14 18:29:36 [INFO]  
2025-04-14 18:29:36 [INFO]  
2025-04-14 18:29:36 [INFO]  
2025-04-14 18:29:36 [INFO]  
2025-04-14 18:29:36 [INFO]  
2025-04-14 18:29:36 [INFO]  
2025-04-14 18:29:36 [INFO]  
2025-04-14 18:29:36 [INFO]  
2025-04-14 18:29:36 [INFO]  
2025-04-14 18:29:36 [INFO]  
2025-04-14 18:29:36 [INFO]  
2025-04-14 18:29:36 [INFO]  
2025-04-14 18:29:36 [INFO]  
2025-04-14 18:29:36 [INFO] Bestellete Artikeln 
2025-04-14 18:29:36 [INFO] Espresso Macchiato klein	1.79
2025-04-14 18:29:36 [INFO] Cafe klein	1.79
2025-04-14 18:29:36 [INFO] Cafe mittel	2.19
2025-04-14 18:29:36 [INFO] Espresso groￃﾟ	2.19
2025-04-14 18:29:36 [INFO] Cafe groￃﾟ	2.49
2025-04-14 18:29:36 [INFO] ----------------
2025-04-14 18:29:36 [INFO] Zu zahlen 10.45 ￢ﾂﾬ
2025-04-14 18:29:36 [INFO] ----------------
2025-04-14 18:29:36 [INFO] [System] Programm endet
2025-04-14 18:37:51 [INFO] [System] Programm startet
2025-04-14 18:37:54 [INFO] Willkommen im McCafe! Wￃﾤhlen Sie Ihr Getrￃﾤnk aus dem Menￃﾼ:
2025-04-14 18:37:55 [INFO] Espresso (groￃﾟ) - 2.19￢ﾂﾬ hinzugefￃﾼgt.
2025-04-14 18:37:56 [INFO] Espresso Macchiato (klein) - 1.79￢ﾂﾬ hinzugefￃﾼgt.
2025-04-14 18:37:56 [INFO] Cafe (klein) - 1.79￢ﾂﾬ hinzugefￃﾼgt.
2025-04-14 18:37:57 [INFO] Cafe (mittel) - 2.19￢ﾂﾬ hinzugefￃﾼgt.
2025-04-14 18:37:57 [INFO] Cafe (groￃﾟ) - 2.49￢ﾂﾬ hinzugefￃﾼgt.
2025-04-14 18:37:59 [INFO]  
2025-04-14 18:37:59 [INFO]  
2025-04-14 18:37:59 [INFO]  
2025-04-14 18:37:59 [INFO]  
2025-04-14 18:37:59 [INFO]  
2025-04-14 18:37:59 [INFO]  
2025-04-14 18:37:59 [INFO]  
2025-04-14 18:37:59 [INFO]  
2025-04-14 18:37:59 [INFO]  
2025-04-14 18:37:59 [INFO]  
2025-04-14 18:37:59 [INFO]  
2025-04-14 18:37:59 [INFO]  
2025-04-14 18:37:59 [INFO]  
2025-04-14 18:37:59 [INFO]  
2025-04-14 18:37:59 [INFO]  
2025-04-14 18:37:59 [INFO]  
2025-04-14 18:37:59 [INFO]  
2025-04-14 18:37:59 [INFO]  
2025-04-14 18:37:59 [INFO]  
2025-04-14 18:37:59 [INFO]  
2025-04-14 18:37:59 [INFO]  
2025-04-14 18:37:59 [INFO]  
2025-04-14 18:37:59 [INFO]  
2025-04-14 18:37:59 [INFO]  
2025-04-14 18:37:59 [INFO]  
2025-04-14 18:37:59 [INFO]  
2025-04-14 18:37:59 [INFO]  
2025-04-14 18:37:59 [INFO]  
2025-04-14 18:37:59 [INFO]  
2025-04-14 18:37:59 [INFO]  
2025-04-14 18:37:59 [INFO]  
2025-04-14 18:37:59 [INFO]  
2025-04-14 18:37:59 [INFO]  
2025-04-14 18:37:59 [INFO]  
2025-04-14 18:37:59 [INFO]  
2025-04-14 18:37:59 [INFO]  
2025-04-14 18:37:59 [INFO]  
2025-04-14 18:37:59 [INFO]  
2025-04-14 18:37:59 [INFO]  
2025-04-14 18:37:59 [INFO]  
2025-04-14 18:37:59 [INFO]  
2025-04-14 18:37:59 [INFO]  
2025-04-14 18:37:59 [INFO]  
2025-04-14 18:37:59 [INFO]  
2025-04-14 18:37:59 [INFO]  
2025-04-14 18:37:59 [INFO]  
2025-04-14 18:37:59 [INFO]  
2025-04-14 18:37:59 [INFO]  
2025-04-14 18:37:59 [INFO]  
2025-04-14 18:37:59 [INFO]  
2025-04-14 18:37:59 [INFO]  
2025-04-14 18:37:59 [INFO]  
2025-04-14 18:37:59 [INFO]  
2025-04-14 18:37:59 [INFO]  
2025-04-14 18:37:59 [INFO]  
2025-04-14 18:37:59 [INFO]  
2025-04-14 18:37:59 [INFO]  
2025-04-14 18:37:59 [INFO]  
2025-04-14 18:37:59 [INFO]  
2025-04-14 18:37:59 [INFO]  
2025-04-14 18:37:59 [INFO]  
2025-04-14 18:37:59 [INFO]  
2025-04-14 18:37:59 [INFO]  
2025-04-14 18:37:59 [INFO]  
2025-04-14 18:37:59 [INFO]  
2025-04-14 18:37:59 [INFO]  
2025-04-14 18:37:59 [INFO]  
2025-04-14 18:37:59 [INFO]  
2025-04-14 18:37:59 [INFO]  
2025-04-14 18:37:59 [INFO]  
2025-04-14 18:37:59 [INFO]  
2025-04-14 18:37:59 [INFO]  
2025-04-14 18:37:59 [INFO]  
2025-04-14 18:37:59 [INFO]  
2025-04-14 18:37:59 [INFO]  
2025-04-14 18:37:59 [INFO]  
2025-04-14 18:37:59 [INFO]  
2025-04-14 18:37:59 [INFO]  
2025-04-14 18:37:59 [INFO]  
2025-04-14 18:37:59 [INFO]  
2025-04-14 18:37:59 [INFO]  
2025-04-14 18:37:59 [INFO]  
2025-04-14 18:37:59 [INFO]  
2025-04-14 18:37:59 [INFO]  
2025-04-14 18:37:59 [INFO]  
2025-04-14 18:37:59 [INFO]  
2025-04-14 18:37:59 [INFO]  
2025-04-14 18:37:59 [INFO]  
2025-04-14 18:37:59 [INFO]  
2025-04-14 18:37:59 [INFO]  
2025-04-14 18:37:59 [INFO]  
2025-04-14 18:37:59 [INFO]  
2025-04-14 18:37:59 [INFO]  
2025-04-14 18:37:59 [INFO]  
2025-04-14 18:37:59 [INFO]  
2025-04-14 18:37:59 [INFO]  
2025-04-14 18:37:59 [INFO]  
2025-04-14 18:37:59 [INFO]  
2025-04-14 18:37:59 [INFO]  
2025-04-14 18:37:59 [INFO]  
2025-04-14 18:37:59 [INFO] Bestellete Artikeln 
2025-04-14 18:37:59 [INFO] Espresso Macchiato klein	1.79
2025-04-14 18:37:59 [INFO] Cafe klein	1.79
2025-04-14 18:37:59 [INFO] Cafe mittel	2.19
2025-04-14 18:37:59 [INFO] Espresso groￃﾟ	2.19
2025-04-14 18:37:59 [INFO] Cafe groￃﾟ	2.49
2025-04-14 18:37:59 [INFO] ----------------
2025-04-14 18:37:59 [INFO] Zu zahlen 10.45 ￢ﾂﾬ
2025-04-14 18:37:59 [INFO] ----------------
2025-04-14 18:37:59 [INFO] [System] Programm endet
2025-04-14 18:44:33 [INFO] [System] Programm startet
2025-04-14 18:44:36 [INFO] Willkommen im McCafe! Wￃﾤhlen Sie Ihr Getrￃﾤnk aus dem Menￃﾼ:
2025-04-14 18:44:38 [INFO] Cappuccino (mittel) - 2.39￢ﾂﾬ hinzugefￃﾼgt.
2025-04-14 18:44:39 [INFO] Espresso (groￃﾟ) - 2.19￢ﾂﾬ hinzugefￃﾼgt.
2025-04-14 18:44:39 [INFO] Cafe (mittel) - 2.19￢ﾂﾬ hinzugefￃﾼgt.
2025-04-14 18:44:41 [INFO] Cappuccino (mittel) - 2.39￢ﾂﾬ hinzugefￃﾼgt.
2025-04-14 18:44:42 [INFO] Espresso Macchiato (klein) - 1.79￢ﾂﾬ hinzugefￃﾼgt.
2025-04-14 18:44:42 [INFO] Cafe (groￃﾟ) - 2.49￢ﾂﾬ hinzugefￃﾼgt.
2025-04-14 18:44:44 [INFO] Bestellete Artikeln 
2025-04-14 18:44:44 [INFO] Cappuccino mittel	2.39
2025-04-14 18:44:44 [INFO] Cafe mittel	2.19
2025-04-14 18:44:44 [INFO] Cappuccino mittel	2.39
2025-04-14 18:44:44 [INFO] Espresso Macchiato klein	1.79
2025-04-14 18:44:44 [INFO] Espresso groￃﾟ	2.19
2025-04-14 18:44:44 [INFO] Cafe groￃﾟ	2.49
2025-04-14 18:44:44 [INFO] ----------------
2025-04-14 18:44:44 [INFO] Zu zahlen 13.44 ￢ﾂﾬ
2025-04-14 18:44:44 [INFO] ----------------
2025-04-14 18:44:44 [INFO] [System] Programm endet
2025-04-14 18:50:02 [INFO] [System] Programm startet
2025-04-14 18:50:05 [INFO] Willkommen im McCafe! Wￃﾤhlen Sie Ihr Getrￃﾤnk aus dem Menￃﾼ:
2025-04-14 18:50:07 [INFO] Espresso (groￃﾟ) - 2.19￢ﾂﾬ hinzugefￃﾼgt.
2025-04-14 18:50:08 [INFO] Cafe (groￃﾟ) - 2.49￢ﾂﾬ hinzugefￃﾼgt.
2025-04-14 18:50:08 [INFO] Espresso Macchiato (klein) - 1.79￢ﾂﾬ hinzugefￃﾼgt.
2025-04-14 18:50:09 [INFO] Cafe (mittel) - 2.19￢ﾂﾬ hinzugefￃﾼgt.
2025-04-14 18:50:10 [INFO] Espresso Macchiato (klein) - 1.79￢ﾂﾬ hinzugefￃﾼgt.
2025-04-14 18:50:12 [INFO] Bestellete Artikeln 
2025-04-14 18:50:12 [INFO] Espresso Macchiato klein	1.79
2025-04-14 18:50:12 [INFO] Cafe mittel	2.19
2025-04-14 18:50:12 [INFO] Espresso Macchiato klein	1.79
2025-04-14 18:50:12 [INFO] Espresso groￃﾟ	2.19
2025-04-14 18:50:12 [INFO] Cafe groￃﾟ	2.49
2025-04-14 18:50:12 [INFO] ----------------
2025-04-14 18:50:12 [INFO] Zu zahlen 10.45 ￢ﾂﾬ
2025-04-14 18:50:12 [INFO] ----------------
2025-04-14 18:50:12 [INFO] 
2025-04-14 18:50:12 [INFO] Einkassierte Geldsumme
2025-04-14 18:50:22 [INFO] Rￃﾼckgeld: -9.55
2025-04-14 18:50:22 [INFO] ----------------
2025-04-14 18:50:22 [INFO] [System] Programm endet
2025-04-14 19:00:30 [INFO] [System] Programm startet
2025-04-14 19:00:34 [INFO] Willkommen im McCafe! Wￃﾤhlen Sie Ihr Getrￃﾤnk aus dem Menￃﾼ:
2025-04-14 19:00:35 [INFO] Espresso (groￃﾟ) - 2.19￢ﾂﾬ hinzugefￃﾼgt.
2025-04-14 19:00:36 [INFO] Cafe (mittel) - 2.19￢ﾂﾬ hinzugefￃﾼgt.
2025-04-14 19:00:39 [INFO] Espresso Macchiato (klein) - 1.79￢ﾂﾬ hinzugefￃﾼgt.
2025-04-14 19:00:41 [INFO] Cafe (groￃﾟ) - 2.49￢ﾂﾬ hinzugefￃﾼgt.
2025-04-14 19:00:41 [INFO] Cafe (mittel) - 2.19￢ﾂﾬ hinzugefￃﾼgt.
2025-04-14 19:00:42 [INFO] Flat White Espresso (mittel) - 2.29￢ﾂﾬ hinzugefￃﾼgt.
2025-04-14 19:00:43 [INFO] Flat White Espresso (groￃﾟ) - 2.59￢ﾂﾬ hinzugefￃﾼgt.
2025-04-14 19:00:44 [INFO] Bestellete Artikeln 
2025-04-14 19:00:44 [INFO] Cafe mittel	2.19
2025-04-14 19:00:44 [INFO] Espresso Macchiato klein	1.79
2025-04-14 19:00:44 [INFO] Cafe mittel	2.19
2025-04-14 19:00:44 [INFO] Flat White Espresso mittel	2.29
2025-04-14 19:00:44 [INFO] Espresso groￃﾟ	2.19
2025-04-14 19:00:44 [INFO] Cafe groￃﾟ	2.49
2025-04-14 19:00:44 [INFO] Flat White Espresso groￃﾟ	2.59
2025-04-14 19:00:44 [INFO] Gratis erhalten: Espresso groￃﾟ
2025-04-14 19:00:44 [INFO] ----------------
2025-04-14 19:00:44 [INFO] Zu zahlen 13.54 ￢ﾂﾬ
2025-04-14 19:00:44 [INFO] ----------------
2025-04-14 19:00:44 [INFO] 
2025-04-14 19:00:44 [INFO] Einkassierte Geldsumme
2025-04-14 19:00:49 [INFO] Rￃﾼckgeld: -1.459999999999999
2025-04-14 19:00:49 [INFO] ----------------
2025-04-14 19:00:49 [INFO]  
2025-04-14 19:00:49 [INFO]  
2025-04-14 19:00:49 [INFO]  
2025-04-14 19:00:49 [INFO]  
2025-04-14 19:00:49 [INFO]  
2025-04-14 19:00:49 [INFO]  
2025-04-14 19:00:49 [INFO]  
2025-04-14 19:00:49 [INFO]  
2025-04-14 19:00:49 [INFO]  
2025-04-14 19:00:49 [INFO]  
2025-04-14 19:00:49 [INFO]  
2025-04-14 19:00:49 [INFO]  
2025-04-14 19:00:49 [INFO]  
2025-04-14 19:00:49 [INFO]  
2025-04-14 19:00:49 [INFO]  
2025-04-14 19:00:49 [INFO]  
2025-04-14 19:00:49 [INFO]  
2025-04-14 19:00:49 [INFO]  
2025-04-14 19:00:49 [INFO]  
2025-04-14 19:00:49 [INFO]  
2025-04-14 19:00:49 [INFO]  
2025-04-14 19:00:49 [INFO]  
2025-04-14 19:00:49 [INFO]  
2025-04-14 19:00:49 [INFO]  
2025-04-14 19:00:49 [INFO]  
2025-04-14 19:00:49 [INFO]  
2025-04-14 19:00:49 [INFO]  
2025-04-14 19:00:49 [INFO]  
2025-04-14 19:00:49 [INFO]  
2025-04-14 19:00:49 [INFO]  
2025-04-14 19:00:49 [INFO]  
2025-04-14 19:00:49 [INFO]  
2025-04-14 19:00:49 [INFO]  
2025-04-14 19:00:49 [INFO]  
2025-04-14 19:00:49 [INFO]  
2025-04-14 19:00:49 [INFO]  
2025-04-14 19:00:49 [INFO]  
2025-04-14 19:00:49 [INFO]  
2025-04-14 19:00:49 [INFO]  
2025-04-14 19:00:49 [INFO]  
2025-04-14 19:00:49 [INFO]  
2025-04-14 19:00:49 [INFO]  
2025-04-14 19:00:49 [INFO]  
2025-04-14 19:00:49 [INFO]  
2025-04-14 19:00:49 [INFO]  
2025-04-14 19:00:49 [INFO]  
2025-04-14 19:00:49 [INFO]  
2025-04-14 19:00:49 [INFO]  
2025-04-14 19:00:49 [INFO]  
2025-04-14 19:00:49 [INFO]  
2025-04-14 19:00:49 [INFO]  
2025-04-14 19:00:49 [INFO]  
2025-04-14 19:00:49 [INFO]  
2025-04-14 19:00:49 [INFO]  
2025-04-14 19:00:49 [INFO]  
2025-04-14 19:00:49 [INFO]  
2025-04-14 19:00:49 [INFO]  
2025-04-14 19:00:49 [INFO]  
2025-04-14 19:00:49 [INFO]  
2025-04-14 19:00:49 [INFO]  
2025-04-14 19:00:49 [INFO]  
2025-04-14 19:00:49 [INFO]  
2025-04-14 19:00:49 [INFO]  
2025-04-14 19:00:49 [INFO]  
2025-04-14 19:00:49 [INFO]  
2025-04-14 19:00:49 [INFO]  
2025-04-14 19:00:49 [INFO]  
2025-04-14 19:00:49 [INFO]  
2025-04-14 19:00:49 [INFO]  
2025-04-14 19:00:49 [INFO]  
2025-04-14 19:00:49 [INFO]  
2025-04-14 19:00:49 [INFO]  
2025-04-14 19:00:49 [INFO]  
2025-04-14 19:00:49 [INFO]  
2025-04-14 19:00:49 [INFO]  
2025-04-14 19:00:49 [INFO]  
2025-04-14 19:00:49 [INFO]  
2025-04-14 19:00:49 [INFO]  
2025-04-14 19:00:49 [INFO]  
2025-04-14 19:00:49 [INFO]  
2025-04-14 19:00:49 [INFO]  
2025-04-14 19:00:49 [INFO]  
2025-04-14 19:00:49 [INFO]  
2025-04-14 19:00:49 [INFO]  
2025-04-14 19:00:49 [INFO]  
2025-04-14 19:00:49 [INFO]  
2025-04-14 19:00:49 [INFO]  
2025-04-14 19:00:49 [INFO]  
2025-04-14 19:00:49 [INFO]  
2025-04-14 19:00:49 [INFO]  
2025-04-14 19:00:49 [INFO]  
2025-04-14 19:00:49 [INFO]  
2025-04-14 19:00:49 [INFO]  
2025-04-14 19:00:49 [INFO]  
2025-04-14 19:00:49 [INFO]  
2025-04-14 19:00:49 [INFO]  
2025-04-14 19:00:49 [INFO]  
2025-04-14 19:00:49 [INFO]  
2025-04-14 19:00:49 [INFO]  
2025-04-14 19:00:49 [INFO]  
2025-04-14 19:00:49 [INFO] Bestellete Artikeln 
2025-04-14 19:00:49 [INFO] Cafe mittel	2.19
2025-04-14 19:00:49 [INFO] Espresso Macchiato klein	1.79
2025-04-14 19:00:49 [INFO] Cafe mittel	2.19
2025-04-14 19:00:49 [INFO] Flat White Espresso mittel	2.29
2025-04-14 19:00:49 [INFO] Cafe groￃﾟ	2.49
2025-04-14 19:00:49 [INFO] Flat White Espresso groￃﾟ	2.59
2025-04-14 19:00:49 [INFO] ----------------
2025-04-14 19:00:49 [INFO] Gesamtbetrag 13.54 ￢ﾂﾬ
2025-04-14 19:00:49 [INFO] ----------------
2025-04-14 19:00:49 [INFO] Bar 15.0
2025-04-14 19:00:49 [INFO] Rￃﾼckgeld -1.459999999999999
2025-04-14 19:00:49 [INFO] ----------------
2025-04-14 19:00:49 [INFO] [System] Programm endet
2025-04-14 19:02:35 [INFO] [System] Programm startet
2025-04-14 19:02:37 [INFO] Willkommen im McCafe! Wￃﾤhlen Sie Ihr Getrￃﾤnk aus dem Menￃﾼ:
2025-04-14 19:02:39 [INFO] Cappuccino (mittel) - 2.39￢ﾂﾬ hinzugefￃﾼgt.
2025-04-14 19:02:40 [INFO] Espresso Macchiato (klein) - 1.79￢ﾂﾬ hinzugefￃﾼgt.
2025-04-14 19:02:40 [INFO] Cafe (klein) - 1.79￢ﾂﾬ hinzugefￃﾼgt.
2025-04-14 19:02:41 [INFO] Cafe (mittel) - 2.19￢ﾂﾬ hinzugefￃﾼgt.
2025-04-14 19:02:42 [INFO] Cafe (groￃﾟ) - 2.49￢ﾂﾬ hinzugefￃﾼgt.
2025-04-14 19:02:43 [INFO] Espresso (groￃﾟ) - 2.19￢ﾂﾬ hinzugefￃﾼgt.
2025-04-14 19:02:44 [INFO] Cafe (groￃﾟ) - 2.49￢ﾂﾬ hinzugefￃﾼgt.
2025-04-14 19:02:45 [INFO] Flat White Espresso (klein) - 1.89￢ﾂﾬ hinzugefￃﾼgt.
2025-04-14 19:02:46 [INFO] Espresso (groￃﾟ) - 2.19￢ﾂﾬ hinzugefￃﾼgt.
2025-04-14 19:02:48 [INFO] Bestellete Artikeln 
2025-04-14 19:02:48 [INFO] Cappuccino mittel	2.39
2025-04-14 19:02:48 [INFO] Espresso Macchiato klein	1.79
2025-04-14 19:02:48 [INFO] Cafe klein	1.79
2025-04-14 19:02:48 [INFO] Cafe mittel	2.19
2025-04-14 19:02:48 [INFO] Flat White Espresso klein	1.89
2025-04-14 19:02:48 [INFO] Cafe groￃﾟ	2.49
2025-04-14 19:02:48 [INFO] Espresso groￃﾟ	2.19
2025-04-14 19:02:48 [INFO] Cafe groￃﾟ	2.49
2025-04-14 19:02:48 [INFO] Espresso groￃﾟ	2.19
2025-04-14 19:02:48 [INFO] Gratis erhalten: Cafe groￃﾟ
2025-04-14 19:02:48 [INFO] ----------------
2025-04-14 19:02:48 [INFO] Zu zahlen 16.92 ￢ﾂﾬ
2025-04-14 19:02:48 [INFO] ----------------
2025-04-14 19:02:48 [INFO] 
2025-04-14 19:02:48 [INFO] Einkassierte Geldsumme
2025-04-14 19:02:53 [INFO] Rￃﾼckgeld: -3.0799999999999983
2025-04-14 19:02:53 [INFO] ----------------
2025-04-14 19:02:53 [INFO]  
2025-04-14 19:02:53 [INFO]  
2025-04-14 19:02:53 [INFO]  
2025-04-14 19:02:53 [INFO]  
2025-04-14 19:02:53 [INFO]  
2025-04-14 19:02:53 [INFO]  
2025-04-14 19:02:53 [INFO]  
2025-04-14 19:02:53 [INFO]  
2025-04-14 19:02:53 [INFO]  
2025-04-14 19:02:53 [INFO]  
2025-04-14 19:02:53 [INFO]  
2025-04-14 19:02:53 [INFO]  
2025-04-14 19:02:53 [INFO]  
2025-04-14 19:02:53 [INFO]  
2025-04-14 19:02:53 [INFO]  
2025-04-14 19:02:53 [INFO]  
2025-04-14 19:02:53 [INFO]  
2025-04-14 19:02:53 [INFO]  
2025-04-14 19:02:53 [INFO]  
2025-04-14 19:02:53 [INFO]  
2025-04-14 19:02:53 [INFO]  
2025-04-14 19:02:53 [INFO]  
2025-04-14 19:02:53 [INFO]  
2025-04-14 19:02:53 [INFO]  
2025-04-14 19:02:53 [INFO]  
2025-04-14 19:02:53 [INFO]  
2025-04-14 19:02:53 [INFO]  
2025-04-14 19:02:53 [INFO]  
2025-04-14 19:02:53 [INFO]  
2025-04-14 19:02:53 [INFO]  
2025-04-14 19:02:53 [INFO]  
2025-04-14 19:02:53 [INFO]  
2025-04-14 19:02:53 [INFO]  
2025-04-14 19:02:53 [INFO]  
2025-04-14 19:02:53 [INFO]  
2025-04-14 19:02:53 [INFO]  
2025-04-14 19:02:53 [INFO]  
2025-04-14 19:02:53 [INFO]  
2025-04-14 19:02:53 [INFO]  
2025-04-14 19:02:53 [INFO]  
2025-04-14 19:02:53 [INFO]  
2025-04-14 19:02:53 [INFO]  
2025-04-14 19:02:53 [INFO]  
2025-04-14 19:02:53 [INFO]  
2025-04-14 19:02:53 [INFO]  
2025-04-14 19:02:53 [INFO]  
2025-04-14 19:02:53 [INFO]  
2025-04-14 19:02:53 [INFO]  
2025-04-14 19:02:53 [INFO]  
2025-04-14 19:02:53 [INFO]  
2025-04-14 19:02:53 [INFO]  
2025-04-14 19:02:53 [INFO]  
2025-04-14 19:02:53 [INFO]  
2025-04-14 19:02:53 [INFO]  
2025-04-14 19:02:53 [INFO]  
2025-04-14 19:02:53 [INFO]  
2025-04-14 19:02:53 [INFO]  
2025-04-14 19:02:53 [INFO]  
2025-04-14 19:02:53 [INFO]  
2025-04-14 19:02:53 [INFO]  
2025-04-14 19:02:53 [INFO]  
2025-04-14 19:02:53 [INFO]  
2025-04-14 19:02:53 [INFO]  
2025-04-14 19:02:53 [INFO]  
2025-04-14 19:02:53 [INFO]  
2025-04-14 19:02:53 [INFO]  
2025-04-14 19:02:53 [INFO]  
2025-04-14 19:02:53 [INFO]  
2025-04-14 19:02:53 [INFO]  
2025-04-14 19:02:53 [INFO]  
2025-04-14 19:02:53 [INFO]  
2025-04-14 19:02:53 [INFO]  
2025-04-14 19:02:53 [INFO]  
2025-04-14 19:02:53 [INFO]  
2025-04-14 19:02:53 [INFO]  
2025-04-14 19:02:53 [INFO]  
2025-04-14 19:02:53 [INFO]  
2025-04-14 19:02:53 [INFO]  
2025-04-14 19:02:53 [INFO]  
2025-04-14 19:02:53 [INFO]  
2025-04-14 19:02:53 [INFO]  
2025-04-14 19:02:53 [INFO]  
2025-04-14 19:02:53 [INFO]  
2025-04-14 19:02:53 [INFO]  
2025-04-14 19:02:53 [INFO]  
2025-04-14 19:02:53 [INFO]  
2025-04-14 19:02:53 [INFO]  
2025-04-14 19:02:53 [INFO]  
2025-04-14 19:02:53 [INFO]  
2025-04-14 19:02:53 [INFO]  
2025-04-14 19:02:53 [INFO]  
2025-04-14 19:02:53 [INFO]  
2025-04-14 19:02:53 [INFO]  
2025-04-14 19:02:53 [INFO]  
2025-04-14 19:02:53 [INFO]  
2025-04-14 19:02:53 [INFO]  
2025-04-14 19:02:53 [INFO]  
2025-04-14 19:02:53 [INFO]  
2025-04-14 19:02:53 [INFO]  
2025-04-14 19:02:53 [INFO]  
2025-04-14 19:02:53 [INFO] Bestellete Artikeln 
2025-04-14 19:02:53 [INFO] Cappuccino mittel	2.39
2025-04-14 19:02:53 [INFO] Espresso Macchiato klein	1.79
2025-04-14 19:02:53 [INFO] Cafe klein	1.79
2025-04-14 19:02:53 [INFO] Cafe mittel	2.19
2025-04-14 19:02:53 [INFO] Flat White Espresso klein	1.89
2025-04-14 19:02:53 [INFO] Espresso groￃﾟ	2.19
2025-04-14 19:02:53 [INFO] Cafe groￃﾟ	2.49
2025-04-14 19:02:53 [INFO] Espresso groￃﾟ	2.19
2025-04-14 19:02:53 [INFO] ----------------
2025-04-14 19:02:53 [INFO] Gesamtbetrag 16.92 ￢ﾂﾬ
2025-04-14 19:02:53 [INFO] ----------------
2025-04-14 19:02:53 [INFO] Bar 20.0
2025-04-14 19:02:53 [INFO] Rￃﾼckgeld -3.08
2025-04-14 19:02:53 [INFO] ----------------
2025-04-14 19:02:53 [INFO] [System] Programm endet
